<?xml version="1.0" encoding="UTF-8"?>
<!-- Generated by org.testng.reporters.JUnitXMLReporter -->
<testsuite ignored="0" hostname="LAPTOP-1KOV8VAE" failures="0" tests="7" name="Test" time="12.272" errors="0" timestamp="18 Sep 2021 06:48:01 GMT">
  <testcase classname="qaautomation.august2021.APITest" name="configAPI" time="1.759"/>
  <testcase classname="qaautomation.august2021.APITest" name="configAPI2" time="1.864"/>
  <testcase classname="qaautomation.august2021.APITest" name="dashboardAPIWithSchema" time="2.697"/>
  <testcase classname="qaautomation.august2021.APITest" name="fakerEmail" time="0.242"/>
  <testcase classname="qaautomation.august2021.APITest" name="incorrectLoginAPI" time="1.813"/>
  <testcase classname="qaautomation.august2021.APITest" name="userAPI" time="1.928"/>
  <testcase classname="qaautomation.august2021.APITest" name="dashboardAPI" time="1.935"/>
</testsuite> <!-- Test -->
