<?xml version="1.0" encoding="UTF-8"?>
<testsuite xmlns:xsi="http://www.w3.org/2001/XMLSchema-instance" xsi:schemaLocation="https://maven.apache.org/surefire/maven-surefire-plugin/xsd/surefire-test-report.xsd" name="TestSuite" time="20.004" tests="7" errors="0" skipped="0" failures="0">
  <properties>
[...]
</properties>
  <testcase name="configAPI" classname="qaautomation.august2021.APITest" time="1.803"/>
  <testcase name="configAPI2" classname="qaautomation.august2021.APITest" time="1.991"/>
  <testcase name="dashboardAPIWithSchema" classname="qaautomation.august2021.APITest" time="2.739"/>
  <testcase name="fakerEmail" classname="qaautomation.august2021.APITest" time="0.178"/>
  <testcase name="incorrectLoginAPI" classname="qaautomation.august2021.APITest" time="1.784"/>
  <testcase name="userAPI" classname="qaautomation.august2021.APITest" time="1.924"/>
  <testcase name="dashboardAPI" classname="qaautomation.august2021.APITest" time="2.032"/>
</testsuite>