<?xml version="1.0" encoding="UTF-8"?>
<testng-results ignored="0" total="1" passed="1" failed="0" skipped="0">
  <reporter-output>
  </reporter-output>
  <suite started-at="2021-10-06T03:16:09Z" name="Default suite" finished-at="2021-10-06T03:16:39Z" duration-ms="29984">
    <groups>
    </groups>
    <test started-at="2021-10-06T03:16:09Z" name="Default test" finished-at="2021-10-06T03:16:39Z" duration-ms="29984">
      <class name="qaautomation.august2021.YopmailTest">
        <test-method is-config="true" signature="createChromeDriver()[pri:0, instance:qaautomation.august2021.YopmailTest@62e7f11d]" started-at="2021-10-06T03:16:09Z" name="createChromeDriver" finished-at="2021-10-06T03:16:17Z" duration-ms="8396" status="PASS">
          <reporter-output>
          </reporter-output>
        </test-method> <!-- createChromeDriver -->
        <test-method signature="testYopmail()[pri:0, instance:qaautomation.august2021.YopmailTest@62e7f11d]" started-at="2021-10-06T03:16:17Z" name="testYopmail" finished-at="2021-10-06T03:16:38Z" duration-ms="20830" status="PASS">
          <reporter-output>
          </reporter-output>
        </test-method> <!-- testYopmail -->
        <test-method is-config="true" signature="quitChromeDriver()[pri:0, instance:qaautomation.august2021.YopmailTest@62e7f11d]" started-at="2021-10-06T03:16:38Z" name="quitChromeDriver" finished-at="2021-10-06T03:16:39Z" duration-ms="733" status="PASS">
          <reporter-output>
          </reporter-output>
        </test-method> <!-- quitChromeDriver -->
      </class> <!-- qaautomation.august2021.YopmailTest -->
    </test> <!-- Default test -->
  </suite> <!-- Default suite -->
</testng-results>
